===================================
Smart Health Check: Wed Jan 21 06:30:12 UTC 2026
Server: DESKTOP-R9BIBD1
===================================
[OK] Disk usage normal: 1%
[OK] Memory sufficient: 1163MB free
[OK] CPU load normal: 0.00

===================================
Smart Health Check: Wed Jan 21 06:40:01 UTC 2026
Server: DESKTOP-R9BIBD1
===================================
[OK] Disk usage normal: 1%
[OK] Memory sufficient: 1159MB free
[OK] CPU load normal: 0.00

===================================
Smart Health Check: Wed Jan 21 06:45:01 UTC 2026
Server: DESKTOP-R9BIBD1
===================================
[OK] Disk usage normal: 1%
[OK] Memory sufficient: 1154MB free
[OK] CPU load normal: 0.00

===================================
Smart Health Check: Wed Jan 21 06:50:01 UTC 2026
Server: DESKTOP-R9BIBD1
===================================
[OK] Disk usage normal: 1%
[OK] Memory sufficient: 1153MB free
[OK] CPU load normal: 0.00

===================================
Smart Health Check: Wed Jan 21 06:55:01 UTC 2026
Server: DESKTOP-R9BIBD1
===================================
[OK] Disk usage normal: 1%
[OK] Memory sufficient: 1153MB free
[OK] CPU load normal: 0.00

===================================
Smart Health Check: Wed Jan 21 07:00:01 UTC 2026
Server: DESKTOP-R9BIBD1
===================================
[OK] Disk usage normal: 1%
[OK] Memory sufficient: 1151MB free
[OK] CPU load normal: 0.00

